<?xml version="1.0" encoding="UTF-8"?>
<testsuite name="SillyTest" tests="5" skipped="0" failures="0" errors="0" timestamp="2023-06-07T20:58:47" hostname="DESKTOP-0UHHPTL" time="0.097">
  <properties/>
  <testcase name="testTask1" classname="SillyTest" time="0.049"/>
  <testcase name="testTask2" classname="SillyTest" time="0.012"/>
  <testcase name="testTask3" classname="SillyTest" time="0.002"/>
  <testcase name="testTask4" classname="SillyTest" time="0.003"/>
  <testcase name="testTask5" classname="SillyTest" time="0.03"/>
  <system-out><![CDATA[]]></system-out>
  <system-err><![CDATA[]]></system-err>
</testsuite>
